<?xml version="1.0" encoding="UTF-8"?>
<!-- Generated by org.testng.reporters.JUnitXMLReporter -->
<testsuite ignored="0" hostname="Himanshu-Sah" failures="1" tests="1" name="Test" time="8.107" errors="0" timestamp="2023-01-27T16:50:21 IST">
  <testcase classname="script.Script002" name="steps" time="0.007">
    <failure type="java.lang.IllegalArgumentException" message="Driver must be set">
      <![CDATA[java.lang.IllegalArgumentException: Driver must be set
at org.openqa.selenium.internal.Require.nonNull(Require.java:59)
at org.openqa.selenium.interactions.Actions.<init>(Actions.java:60)
at pom.HomePage.<init>(HomePage.java:25)
at script.Script002.steps(Script002.java:39)
at java.base/java.util.ArrayList.forEach(ArrayList.java:1511)
... Removed 27 stack frames]]>
    </failure>
  </testcase> <!-- steps -->
</testsuite> <!-- Test -->
